Сборка начата 15.12.20 11:41:16.
Уровень детализации журнала: Normal.     1>Проект "D:\on fire\FSI-2020\FSI-2020\FSI-2020.vcxproj" в узле 2 (целевые объекты Build).
     1>InitializeBuildStatus:
         Создание "Debug\FSI-2020.tlog\unsuccessfulbuild", так как было задано "AlwaysCreate".
       ClCompile:
         C:\Program Files (x86)\Microsoft Visual Studio\2019\Community\VC\Tools\MSVC\14.27.29110\bin\HostX86\x86\CL.exe /c /ZI /JMC /nologo /W3 /WX- /diagnostics:column /sdl /Od /Oy- /D WIN32 /D _DEBUG /D _CONSOLE /D _UNICODE /D UNICODE /Gm- /EHsc /RTC1 /MDd /GS /fp:precise /permissive- /Zc:wchar_t /Zc:forScope /Zc:inline /Fo"Debug\\" /Fd"Debug\vc142.pdb" /Gd /TP /analyze- /FC /errorReport:prompt Main.cpp
         Main.cpp
       Link:
         C:\Program Files (x86)\Microsoft Visual Studio\2019\Community\VC\Tools\MSVC\14.27.29110\bin\HostX86\x86\link.exe /ERRORREPORT:PROMPT /OUT:"D:\on fire\FSI-2020\Debug\FSI-2020.exe" /INCREMENTAL /NOLOGO kernel32.lib user32.lib gdi32.lib winspool.lib comdlg32.lib advapi32.lib shell32.lib ole32.lib oleaut32.lib uuid.lib odbc32.lib odbccp32.lib /MANIFEST /MANIFESTUAC:"level='asInvoker' uiAccess='false'" /manifest:embed /DEBUG:FASTLINK /PDB:"D:\on fire\FSI-2020\Debug\FSI-2020.pdb" /SUBSYSTEM:CONSOLE /TLBID:1 /DYNAMICBASE /NXCOMPAT /IMPLIB:"D:\on fire\FSI-2020\Debug\FSI-2020.lib" /MACHINE:X86 Debug\Error.obj
         Debug\FST.obj
         Debug\Gen.obj
         Debug\GRB.obj
         Debug\In.obj
         Debug\IT.obj
         Debug\Lex.obj
         Debug\Log.obj
         Debug\LT.obj
         Debug\Main.obj
         Debug\MFST.obj
         Debug\Parm.obj
         Debug\Poland.obj
         Debug\Sem.obj
         Debug\stdafx.obj
         Debug\Tables.obj
         FSI-2020.vcxproj -> D:\on fire\FSI-2020\Debug\FSI-2020.exe
       FinalizeBuildStatus:
         Файл "Debug\FSI-2020.tlog\unsuccessfulbuild" удаляется.
         Обращение к "Debug\FSI-2020.tlog\FSI-2020.lastbuildstate".
     1>Сборка проекта "D:\on fire\FSI-2020\FSI-2020\FSI-2020.vcxproj" завершена (целевые объекты Build).

Сборка успешно завершена.
    Предупреждений: 0
    Ошибок: 0

Прошло времени 00:00:02.89
